{"C:\\Users\\Сергей\\Desktop\\ITVDN Vue\\Vue\\test\\src\\App.vue": {"path":"C:\\Users\\Сергей\\Desktop\\ITVDN Vue\\Vue\\test\\src\\App.vue","statementMap":{"0":{"start":{"line":8,"column":0},"end":{"line":8,"column":null}}},"fnMap":{},"branchMap":{},"s":{"0":0},"f":{},"b":{}}
,"C:\\Users\\Сергей\\Desktop\\ITVDN Vue\\Vue\\test\\src\\i18n.ts": {"path":"C:\\Users\\Сергей\\Desktop\\ITVDN Vue\\Vue\\test\\src\\i18n.ts","statementMap":{"0":{"start":{"line":1,"column":0},"end":{"line":1,"column":null}},"1":{"start":{"line":2,"column":0},"end":{"line":2,"column":null}},"2":{"start":{"line":8,"column":0},"end":{"line":8,"column":4}},"3":{"start":{"line":11,"column":18},"end":{"line":11,"column":25}},"4":{"start":{"line":16,"column":35},"end":{"line":16,"column":null}},"5":{"start":{"line":17,"column":2},"end":{"line":17,"column":9}},"6":{"start":{"line":18,"column":20},"end":{"line":18,"column":23}},"7":{"start":{"line":19,"column":4},"end":{"line":22,"column":null}},"8":{"start":{"line":20,"column":21},"end":{"line":20,"column":29}},"9":{"start":{"line":21,"column":6},"end":{"line":21,"column":14}},"10":{"start":{"line":24,"column":2},"end":{"line":24,"column":9}},"11":{"start":{"line":27,"column":41},"end":{"line":27,"column":null}},"12":{"start":{"line":45,"column":37},"end":{"line":45,"column":null}},"13":{"start":{"line":54,"column":15},"end":{"line":54,"column":19}}},"fnMap":{"0":{"name":"loadLocaleMessages","decl":{"start":{"line":10,"column":9},"end":{"line":10,"column":27}},"loc":{"start":{"line":10,"column":27},"end":{"line":25,"column":null}}},"1":{"name":"(anonymous_1)","decl":{"start":{"line":17,"column":26},"end":{"line":17,"column":33}},"loc":{"start":{"line":17,"column":33},"end":{"line":23,"column":null}}}},"branchMap":{"0":{"loc":{"start":{"line":19,"column":4},"end":{"line":22,"column":null}},"type":"if","locations":[{"start":{"line":19,"column":4},"end":{"line":22,"column":null}},{"start":{"line":19,"column":4},"end":{"line":22,"column":null}}]},"1":{"loc":{"start":{"line":19,"column":8},"end":{"line":19,"column":15}},"type":"binary-expr","locations":[{"start":{"line":19,"column":8},"end":{"line":19,"column":15}},{"start":{"line":19,"column":19},"end":{"line":19,"column":39}}]},"2":{"loc":{"start":{"line":55,"column":10},"end":{"line":55,"column":45}},"type":"binary-expr","locations":[{"start":{"line":55,"column":10},"end":{"line":55,"column":45}},{"start":{"line":55,"column":45},"end":{"line":55,"column":null}}]},"3":{"loc":{"start":{"line":56,"column":18},"end":{"line":56,"column":62}},"type":"binary-expr","locations":[{"start":{"line":56,"column":18},"end":{"line":56,"column":62}},{"start":{"line":56,"column":62},"end":{"line":56,"column":null}}]}},"s":{"0":0,"1":0,"2":0,"3":0,"4":0,"5":0,"6":0,"7":0,"8":0,"9":0,"10":0,"11":0,"12":0,"13":0},"f":{"0":0,"1":0},"b":{"0":[0,0],"1":[0,0],"2":[0,0],"3":[0,0]}}
,"C:\\Users\\Сергей\\Desktop\\ITVDN Vue\\Vue\\test\\src\\main.ts": {"path":"C:\\Users\\Сергей\\Desktop\\ITVDN Vue\\Vue\\test\\src\\main.ts","statementMap":{"0":{"start":{"line":1,"column":0},"end":{"line":1,"column":null}},"1":{"start":{"line":2,"column":0},"end":{"line":2,"column":null}},"2":{"start":{"line":3,"column":0},"end":{"line":3,"column":null}},"3":{"start":{"line":4,"column":0},"end":{"line":4,"column":null}},"4":{"start":{"line":5,"column":0},"end":{"line":5,"column":null}},"5":{"start":{"line":6,"column":0},"end":{"line":6,"column":null}},"6":{"start":{"line":7,"column":0},"end":{"line":7,"column":null}},"7":{"start":{"line":9,"column":0},"end":{"line":9,"column":4}},"8":{"start":{"line":11,"column":0},"end":{"line":11,"column":4}},"9":{"start":{"line":15,"column":17},"end":{"line":15,"column":19}}},"fnMap":{"0":{"name":"(anonymous_0)","decl":{"start":{"line":15,"column":11},"end":{"line":15,"column":17}},"loc":{"start":{"line":15,"column":17},"end":{"line":15,"column":19}}}},"branchMap":{},"s":{"0":0,"1":0,"2":0,"3":0,"4":0,"5":0,"6":0,"7":0,"8":0,"9":0},"f":{"0":0},"b":{}}
,"C:\\Users\\Сергей\\Desktop\\ITVDN Vue\\Vue\\test\\src\\api\\PostsService.ts": {"path":"C:\\Users\\Сергей\\Desktop\\ITVDN Vue\\Vue\\test\\src\\api\\PostsService.ts","statementMap":{"0":{"start":{"line":1,"column":0},"end":{"line":1,"column":null}},"1":{"start":{"line":15,"column":21},"end":{"line":15,"column":33}},"2":{"start":{"line":16,"column":4},"end":{"line":16,"column":11}},"3":{"start":{"line":19,"column":21},"end":{"line":19,"column":33}},"4":{"start":{"line":20,"column":20},"end":{"line":20,"column":28}},"5":{"start":{"line":20,"column":49},"end":{"line":20,"column":null}},"6":{"start":{"line":21,"column":4},"end":{"line":21,"column":11}}},"fnMap":{"0":{"name":"(anonymous_0)","decl":{"start":{"line":14,"column":25},"end":{"line":14,"column":null}},"loc":{"start":{"line":14,"column":25},"end":{"line":17,"column":null}}},"1":{"name":"(anonymous_1)","decl":{"start":{"line":18,"column":24},"end":{"line":18,"column":25}},"loc":{"start":{"line":18,"column":35},"end":{"line":22,"column":null}}},"2":{"name":"(anonymous_2)","decl":{"start":{"line":20,"column":40},"end":{"line":20,"column":49}},"loc":{"start":{"line":20,"column":49},"end":{"line":20,"column":null}}}},"branchMap":{"0":{"loc":{"start":{"line":21,"column":21},"end":{"line":21,"column":31}},"type":"cond-expr","locations":[{"start":{"line":21,"column":21},"end":{"line":21,"column":31}},{"start":{"line":21,"column":31},"end":{"line":21,"column":null}}]}},"s":{"0":1,"1":0,"2":0,"3":0,"4":0,"5":0,"6":0},"f":{"0":0,"1":0,"2":0},"b":{"0":[0,0]}}
,"C:\\Users\\Сергей\\Desktop\\ITVDN Vue\\Vue\\test\\src\\api\\UserService.ts": {"path":"C:\\Users\\Сергей\\Desktop\\ITVDN Vue\\Vue\\test\\src\\api\\UserService.ts","statementMap":{"0":{"start":{"line":1,"column":0},"end":{"line":1,"column":null}},"1":{"start":{"line":13,"column":4},"end":{"line":13,"column":11}}},"fnMap":{"0":{"name":"(anonymous_0)","decl":{"start":{"line":9,"column":20},"end":{"line":9,"column":21}},"loc":{"start":{"line":12,"column":10},"end":{"line":17,"column":null}}}},"branchMap":{},"s":{"0":0,"1":0},"f":{"0":0},"b":{}}
,"C:\\Users\\Сергей\\Desktop\\ITVDN Vue\\Vue\\test\\src\\components\\Article.vue": {"path":"C:\\Users\\Сергей\\Desktop\\ITVDN Vue\\Vue\\test\\src\\components\\Article.vue","statementMap":{"0":{"start":{"line":60,"column":0},"end":{"line":60,"column":null}},"1":{"start":{"line":63,"column":0},"end":{"line":63,"column":null}},"2":{"start":{"line":75,"column":0},"end":{"line":75,"column":null}},"3":{"start":{"line":79,"column":0},"end":{"line":79,"column":null}},"4":{"start":{"line":67,"column":0},"end":{"line":64,"column":null}},"5":{"start":{"line":72,"column":0},"end":{"line":69,"column":null}}},"fnMap":{"0":{"name":"(anonymous_1)","decl":{"start":{"line":74,"column":0},"end":{"line":74,"column":null}},"loc":{"start":{"line":74,"column":0},"end":{"line":76,"column":null}}},"1":{"name":"(anonymous_2)","decl":{"start":{"line":78,"column":0},"end":{"line":78,"column":null}},"loc":{"start":{"line":78,"column":0},"end":{"line":83,"column":null}}}},"branchMap":{"0":{"loc":{"start":{"line":75,"column":0},"end":{"line":75,"column":null}},"type":"cond-expr","locations":[{"start":{"line":75,"column":0},"end":{"line":75,"column":null}},{"start":{"line":75,"column":0},"end":{"line":75,"column":null}}]}},"s":{"0":1,"1":2,"2":0,"3":0,"4":1,"5":1},"f":{"0":0,"1":0},"b":{"0":[0,0]}}
,"C:\\Users\\Сергей\\Desktop\\ITVDN Vue\\Vue\\test\\src\\components\\layout\\FooterComponent.vue": {"path":"C:\\Users\\Сергей\\Desktop\\ITVDN Vue\\Vue\\test\\src\\components\\layout\\FooterComponent.vue","statementMap":{"0":{"start":{"line":19,"column":0},"end":{"line":19,"column":null}}},"fnMap":{},"branchMap":{},"s":{"0":0},"f":{},"b":{}}
,"C:\\Users\\Сергей\\Desktop\\ITVDN Vue\\Vue\\test\\src\\components\\layout\\HeaderComponent.vue": {"path":"C:\\Users\\Сергей\\Desktop\\ITVDN Vue\\Vue\\test\\src\\components\\layout\\HeaderComponent.vue","statementMap":{"0":{"start":{"line":54,"column":0},"end":{"line":54,"column":null}},"1":{"start":{"line":57,"column":0},"end":{"line":57,"column":null}},"2":{"start":{"line":58,"column":0},"end":{"line":58,"column":null}},"3":{"start":{"line":59,"column":0},"end":{"line":59,"column":null}},"4":{"start":{"line":61,"column":0},"end":{"line":61,"column":null}},"5":{"start":{"line":64,"column":0},"end":{"line":64,"column":null}},"6":{"start":{"line":68,"column":0},"end":{"line":68,"column":null}},"7":{"start":{"line":72,"column":0},"end":{"line":72,"column":null}},"8":{"start":{"line":76,"column":0},"end":{"line":76,"column":null}},"9":{"start":{"line":77,"column":0},"end":{"line":77,"column":null}},"10":{"start":{"line":81,"column":0},"end":{"line":81,"column":null}},"11":{"start":{"line":86,"column":0},"end":{"line":86,"column":null}},"12":{"start":{"line":85,"column":0},"end":{"line":85,"column":null}}},"fnMap":{"0":{"name":"(anonymous_1)","decl":{"start":{"line":57,"column":0},"end":{"line":57,"column":null}},"loc":{"start":{"line":57,"column":0},"end":{"line":88,"column":null}}},"1":{"name":"(anonymous_2)","decl":{"start":{"line":63,"column":0},"end":{"line":63,"column":null}},"loc":{"start":{"line":63,"column":0},"end":{"line":65,"column":null}}},"2":{"name":"(anonymous_3)","decl":{"start":{"line":67,"column":0},"end":{"line":67,"column":null}},"loc":{"start":{"line":67,"column":0},"end":{"line":69,"column":null}}},"3":{"name":"(anonymous_4)","decl":{"start":{"line":71,"column":0},"end":{"line":71,"column":null}},"loc":{"start":{"line":71,"column":0},"end":{"line":73,"column":null}}},"4":{"name":"(anonymous_5)","decl":{"start":{"line":75,"column":0},"end":{"line":75,"column":null}},"loc":{"start":{"line":75,"column":0},"end":{"line":78,"column":null}}},"5":{"name":"(anonymous_6)","decl":{"start":{"line":80,"column":0},"end":{"line":80,"column":null}},"loc":{"start":{"line":80,"column":0},"end":{"line":82,"column":null}}},"6":{"name":"(anonymous_7)","decl":{"start":{"line":85,"column":0},"end":{"line":85,"column":null}},"loc":{"start":{"line":85,"column":0},"end":{"line":87,"column":null}}}},"branchMap":{},"s":{"0":0,"1":0,"2":0,"3":0,"4":0,"5":0,"6":0,"7":0,"8":0,"9":0,"10":0,"11":0,"12":0},"f":{"0":0,"1":0,"2":0,"3":0,"4":0,"5":0,"6":0},"b":{}}
,"C:\\Users\\Сергей\\Desktop\\ITVDN Vue\\Vue\\test\\src\\components\\layout\\Layout.vue": {"path":"C:\\Users\\Сергей\\Desktop\\ITVDN Vue\\Vue\\test\\src\\components\\layout\\Layout.vue","statementMap":{"0":{"start":{"line":12,"column":0},"end":{"line":12,"column":null}},"1":{"start":{"line":13,"column":0},"end":{"line":13,"column":null}},"2":{"start":{"line":14,"column":0},"end":{"line":14,"column":null}},"3":{"start":{"line":22,"column":0},"end":{"line":22,"column":null}},"4":{"start":{"line":22,"column":0},"end":{"line":16,"column":null}}},"fnMap":{},"branchMap":{},"s":{"0":0,"1":0,"2":0,"3":0,"4":0},"f":{},"b":{}}
,"C:\\Users\\Сергей\\Desktop\\ITVDN Vue\\Vue\\test\\src\\plugins\\element.js": {"path":"C:\\Users\\Сергей\\Desktop\\ITVDN Vue\\Vue\\test\\src\\plugins\\element.js","statementMap":{"0":{"start":{"line":6,"column":0},"end":{"line":6,"column":29}}},"fnMap":{},"branchMap":{},"s":{"0":0},"f":{},"b":{},"hash":"8b8ad9f20b6e84130b53082b7449728d28e2d649"}
,"C:\\Users\\Сергей\\Desktop\\ITVDN Vue\\Vue\\test\\src\\router\\index.ts": {"path":"C:\\Users\\Сергей\\Desktop\\ITVDN Vue\\Vue\\test\\src\\router\\index.ts","statementMap":{"0":{"start":{"line":1,"column":0},"end":{"line":1,"column":null}},"1":{"start":{"line":2,"column":0},"end":{"line":2,"column":null}},"2":{"start":{"line":4,"column":0},"end":{"line":4,"column":4}},"3":{"start":{"line":6,"column":35},"end":{"line":6,"column":null}},"4":{"start":{"line":43,"column":15},"end":{"line":43,"column":59}},"5":{"start":{"line":49,"column":15},"end":{"line":49,"column":28}},"6":{"start":{"line":55,"column":15},"end":{"line":55,"column":28}},"7":{"start":{"line":60,"column":15},"end":{"line":60,"column":28}},"8":{"start":{"line":65,"column":15},"end":{"line":65,"column":28}},"9":{"start":{"line":69,"column":15},"end":{"line":69,"column":19}},"10":{"start":{"line":74,"column":0},"end":{"line":74,"column":6}},"11":{"start":{"line":81,"column":19},"end":{"line":81,"column":23}},"12":{"start":{"line":85,"column":2},"end":{"line":93,"column":null}},"13":{"start":{"line":85,"column":34},"end":{"line":85,"column":61}},"14":{"start":{"line":86,"column":4},"end":{"line":90,"column":null}},"15":{"start":{"line":87,"column":6},"end":{"line":87,"column":null}},"16":{"start":{"line":89,"column":6},"end":{"line":89,"column":10}},"17":{"start":{"line":92,"column":4},"end":{"line":92,"column":null}},"18":{"start":{"line":95,"column":2},"end":{"line":103,"column":null}},"19":{"start":{"line":95,"column":34},"end":{"line":95,"column":60}},"20":{"start":{"line":96,"column":4},"end":{"line":100,"column":null}},"21":{"start":{"line":97,"column":6},"end":{"line":97,"column":10}},"22":{"start":{"line":99,"column":6},"end":{"line":99,"column":null}},"23":{"start":{"line":102,"column":4},"end":{"line":102,"column":null}},"24":{"start":{"line":106,"column":15},"end":{"line":106,"column":null}}},"fnMap":{"0":{"name":"(anonymous_0)","decl":{"start":{"line":43,"column":15},"end":{"line":43,"column":59}},"loc":{"start":{"line":43,"column":15},"end":{"line":43,"column":59}}},"1":{"name":"(anonymous_2)","decl":{"start":{"line":49,"column":15},"end":{"line":49,"column":28}},"loc":{"start":{"line":49,"column":15},"end":{"line":49,"column":28}}},"2":{"name":"(anonymous_4)","decl":{"start":{"line":55,"column":15},"end":{"line":55,"column":28}},"loc":{"start":{"line":55,"column":15},"end":{"line":55,"column":28}}},"3":{"name":"(anonymous_6)","decl":{"start":{"line":60,"column":15},"end":{"line":60,"column":28}},"loc":{"start":{"line":60,"column":15},"end":{"line":60,"column":28}}},"4":{"name":"(anonymous_8)","decl":{"start":{"line":65,"column":15},"end":{"line":65,"column":28}},"loc":{"start":{"line":65,"column":15},"end":{"line":65,"column":28}}},"5":{"name":"(anonymous_10)","decl":{"start":{"line":74,"column":18},"end":{"line":74,"column":19}},"loc":{"start":{"line":74,"column":37},"end":{"line":104,"column":null}}},"6":{"name":"(anonymous_11)","decl":{"start":{"line":85,"column":23},"end":{"line":85,"column":34}},"loc":{"start":{"line":85,"column":34},"end":{"line":85,"column":61}}},"7":{"name":"(anonymous_12)","decl":{"start":{"line":95,"column":23},"end":{"line":95,"column":34}},"loc":{"start":{"line":95,"column":34},"end":{"line":95,"column":60}}}},"branchMap":{"0":{"loc":{"start":{"line":82,"column":4},"end":{"line":82,"column":10}},"type":"binary-expr","locations":[{"start":{"line":82,"column":4},"end":{"line":82,"column":10}},{"start":{"line":82,"column":50},"end":{"line":82,"column":null}}]},"1":{"loc":{"start":{"line":85,"column":2},"end":{"line":93,"column":null}},"type":"if","locations":[{"start":{"line":85,"column":2},"end":{"line":93,"column":null}},{"start":{"line":85,"column":2},"end":{"line":93,"column":null}}]},"2":{"loc":{"start":{"line":86,"column":4},"end":{"line":90,"column":null}},"type":"if","locations":[{"start":{"line":86,"column":4},"end":{"line":90,"column":null}},{"start":{"line":86,"column":4},"end":{"line":90,"column":null}}]},"3":{"loc":{"start":{"line":86,"column":8},"end":{"line":86,"column":16}},"type":"binary-expr","locations":[{"start":{"line":86,"column":8},"end":{"line":86,"column":16}},{"start":{"line":86,"column":20},"end":{"line":86,"column":42}}]},"4":{"loc":{"start":{"line":95,"column":2},"end":{"line":103,"column":null}},"type":"if","locations":[{"start":{"line":95,"column":2},"end":{"line":103,"column":null}},{"start":{"line":95,"column":2},"end":{"line":103,"column":null}}]},"5":{"loc":{"start":{"line":96,"column":4},"end":{"line":100,"column":null}},"type":"if","locations":[{"start":{"line":96,"column":4},"end":{"line":100,"column":null}},{"start":{"line":96,"column":4},"end":{"line":100,"column":null}}]},"6":{"loc":{"start":{"line":96,"column":8},"end":{"line":96,"column":16}},"type":"binary-expr","locations":[{"start":{"line":96,"column":8},"end":{"line":96,"column":16}},{"start":{"line":96,"column":20},"end":{"line":96,"column":42}}]}},"s":{"0":0,"1":0,"2":0,"3":0,"4":0,"5":0,"6":0,"7":0,"8":0,"9":0,"10":0,"11":0,"12":0,"13":0,"14":0,"15":0,"16":0,"17":0,"18":0,"19":0,"20":0,"21":0,"22":0,"23":0,"24":0},"f":{"0":0,"1":0,"2":0,"3":0,"4":0,"5":0,"6":0,"7":0},"b":{"0":[0,0],"1":[0,0],"2":[0,0],"3":[0,0],"4":[0,0],"5":[0,0],"6":[0,0]}}
,"C:\\Users\\Сергей\\Desktop\\ITVDN Vue\\Vue\\test\\src\\store\\index.ts": {"path":"C:\\Users\\Сергей\\Desktop\\ITVDN Vue\\Vue\\test\\src\\store\\index.ts","statementMap":{"0":{"start":{"line":1,"column":0},"end":{"line":1,"column":null}},"1":{"start":{"line":2,"column":0},"end":{"line":2,"column":null}},"2":{"start":{"line":3,"column":0},"end":{"line":3,"column":null}},"3":{"start":{"line":5,"column":0},"end":{"line":5,"column":4}},"4":{"start":{"line":7,"column":15},"end":{"line":7,"column":19}}},"fnMap":{},"branchMap":{},"s":{"0":0,"1":0,"2":0,"3":0,"4":0},"f":{},"b":{}}
,"C:\\Users\\Сергей\\Desktop\\ITVDN Vue\\Vue\\test\\src\\store\\modules\\articles.ts": {"path":"C:\\Users\\Сергей\\Desktop\\ITVDN Vue\\Vue\\test\\src\\store\\modules\\articles.ts","statementMap":{"0":{"start":{"line":1,"column":0},"end":{"line":1,"column":null}},"1":{"start":{"line":10,"column":30},"end":{"line":10,"column":null}},"2":{"start":{"line":16,"column":29},"end":{"line":16,"column":null}},"3":{"start":{"line":22,"column":27},"end":{"line":22,"column":null}},"4":{"start":{"line":27,"column":27},"end":{"line":27,"column":null}},"5":{"start":{"line":31,"column":18},"end":{"line":31,"column":null}},"6":{"start":{"line":33,"column":4},"end":{"line":33,"column":9}},"7":{"start":{"line":36,"column":4},"end":{"line":36,"column":9}},"8":{"start":{"line":39,"column":4},"end":{"line":39,"column":9}},"9":{"start":{"line":43,"column":16},"end":{"line":43,"column":null}},"10":{"start":{"line":45,"column":21},"end":{"line":45,"column":26}},"11":{"start":{"line":46,"column":6},"end":{"line":46,"column":10}},"12":{"start":{"line":48,"column":4},"end":{"line":48,"column":11}},"13":{"start":{"line":52,"column":60},"end":{"line":52,"column":null}},"14":{"start":{"line":54,"column":4},"end":{"line":60,"column":null}},"15":{"start":{"line":55,"column":23},"end":{"line":55,"column":42}},"16":{"start":{"line":56,"column":6},"end":{"line":56,"column":13}},"17":{"start":{"line":58,"column":6},"end":{"line":58,"column":13}},"18":{"start":{"line":59,"column":6},"end":{"line":59,"column":13}},"19":{"start":{"line":64,"column":4},"end":{"line":70,"column":null}},"20":{"start":{"line":65,"column":22},"end":{"line":65,"column":41}},"21":{"start":{"line":66,"column":6},"end":{"line":66,"column":13}},"22":{"start":{"line":68,"column":6},"end":{"line":68,"column":13}},"23":{"start":{"line":69,"column":6},"end":{"line":69,"column":13}},"24":{"start":{"line":74,"column":15},"end":{"line":74,"column":null}}},"fnMap":{"0":{"name":"(anonymous_0)","decl":{"start":{"line":32,"column":2},"end":{"line":32,"column":3}},"loc":{"start":{"line":32,"column":69},"end":{"line":34,"column":null}}},"1":{"name":"(anonymous_1)","decl":{"start":{"line":35,"column":2},"end":{"line":35,"column":3}},"loc":{"start":{"line":35,"column":66},"end":{"line":37,"column":null}}},"2":{"name":"(anonymous_2)","decl":{"start":{"line":38,"column":2},"end":{"line":38,"column":3}},"loc":{"start":{"line":38,"column":65},"end":{"line":40,"column":null}}},"3":{"name":"(anonymous_3)","decl":{"start":{"line":44,"column":35},"end":{"line":44,"column":76}},"loc":{"start":{"line":44,"column":76},"end":{"line":49,"column":null}}},"4":{"name":"(anonymous_4)","decl":{"start":{"line":45,"column":45},"end":{"line":45,"column":null}},"loc":{"start":{"line":46,"column":6},"end":{"line":46,"column":10}}},"5":{"name":"(anonymous_5)","decl":{"start":{"line":53,"column":2},"end":{"line":53,"column":9}},"loc":{"start":{"line":53,"column":41},"end":{"line":61,"column":null}}},"6":{"name":"(anonymous_6)","decl":{"start":{"line":63,"column":2},"end":{"line":63,"column":9}},"loc":{"start":{"line":63,"column":52},"end":{"line":71,"column":null}}}},"branchMap":{"0":{"loc":{"start":{"line":48,"column":22},"end":{"line":48,"column":33}},"type":"cond-expr","locations":[{"start":{"line":48,"column":22},"end":{"line":48,"column":33}},{"start":{"line":48,"column":33},"end":{"line":48,"column":null}}]}},"s":{"0":1,"1":1,"2":1,"3":1,"4":1,"5":1,"6":0,"7":0,"8":0,"9":1,"10":0,"11":0,"12":0,"13":1,"14":0,"15":0,"16":0,"17":0,"18":0,"19":0,"20":0,"21":0,"22":0,"23":0,"24":1},"f":{"0":0,"1":0,"2":0,"3":0,"4":0,"5":0,"6":0},"b":{"0":[0,0]}}
,"C:\\Users\\Сергей\\Desktop\\ITVDN Vue\\Vue\\test\\src\\utils\\index.ts": {"path":"C:\\Users\\Сергей\\Desktop\\ITVDN Vue\\Vue\\test\\src\\utils\\index.ts","statementMap":{"0":{"start":{"line":1,"column":24},"end":{"line":7,"column":null}},"1":{"start":{"line":3,"column":2},"end":{"line":3,"column":9}},"2":{"start":{"line":4,"column":4},"end":{"line":4,"column":16}},"3":{"start":{"line":5,"column":4},"end":{"line":5,"column":11}},"4":{"start":{"line":5,"column":31},"end":{"line":5,"column":33}}},"fnMap":{"0":{"name":"(anonymous_0)","decl":{"start":{"line":1,"column":24},"end":{"line":1,"column":25}},"loc":{"start":{"line":1,"column":69},"end":{"line":7,"column":null}}},"1":{"name":"(anonymous_1)","decl":{"start":{"line":3,"column":9},"end":{"line":3,"column":30}},"loc":{"start":{"line":3,"column":42},"end":{"line":6,"column":null}}},"2":{"name":"(anonymous_2)","decl":{"start":{"line":5,"column":25},"end":{"line":5,"column":31}},"loc":{"start":{"line":5,"column":31},"end":{"line":5,"column":33}}}},"branchMap":{},"s":{"0":1,"1":5,"2":0,"3":0,"4":0},"f":{"0":5,"1":0,"2":0},"b":{}}
,"C:\\Users\\Сергей\\Desktop\\ITVDN Vue\\Vue\\test\\src\\views\\ArticlePage.vue": {"path":"C:\\Users\\Сергей\\Desktop\\ITVDN Vue\\Vue\\test\\src\\views\\ArticlePage.vue","statementMap":{"0":{"start":{"line":34,"column":0},"end":{"line":34,"column":null}},"1":{"start":{"line":35,"column":0},"end":{"line":35,"column":null}},"2":{"start":{"line":40,"column":0},"end":{"line":40,"column":null}},"3":{"start":{"line":42,"column":0},"end":{"line":42,"column":null}},"4":{"start":{"line":46,"column":0},"end":{"line":46,"column":null}},"5":{"start":{"line":50,"column":0},"end":{"line":50,"column":null}},"6":{"start":{"line":54,"column":0},"end":{"line":54,"column":null}},"7":{"start":{"line":59,"column":0},"end":{"line":64,"column":null}},"8":{"start":{"line":60,"column":0},"end":{"line":60,"column":null}},"9":{"start":{"line":58,"column":0},"end":{"line":58,"column":null}},"10":{"start":{"line":40,"column":0},"end":{"line":37,"column":null}}},"fnMap":{"0":{"name":"(anonymous_1)","decl":{"start":{"line":41,"column":0},"end":{"line":41,"column":null}},"loc":{"start":{"line":41,"column":0},"end":{"line":43,"column":null}}},"1":{"name":"(anonymous_2)","decl":{"start":{"line":45,"column":0},"end":{"line":45,"column":null}},"loc":{"start":{"line":45,"column":0},"end":{"line":47,"column":null}}},"2":{"name":"(anonymous_3)","decl":{"start":{"line":49,"column":0},"end":{"line":49,"column":null}},"loc":{"start":{"line":49,"column":0},"end":{"line":51,"column":null}}},"3":{"name":"(anonymous_4)","decl":{"start":{"line":53,"column":0},"end":{"line":53,"column":null}},"loc":{"start":{"line":53,"column":0},"end":{"line":55,"column":null}}},"4":{"name":"(anonymous_5)","decl":{"start":{"line":58,"column":0},"end":{"line":58,"column":null}},"loc":{"start":{"line":58,"column":0},"end":{"line":65,"column":null}}}},"branchMap":{"0":{"loc":{"start":{"line":59,"column":0},"end":{"line":64,"column":null}},"type":"if","locations":[{"start":{"line":59,"column":0},"end":{"line":64,"column":null}},{"start":{"line":59,"column":0},"end":{"line":64,"column":null}}]}},"s":{"0":0,"1":0,"2":0,"3":0,"4":0,"5":0,"6":0,"7":0,"8":0,"9":0,"10":0},"f":{"0":0,"1":0,"2":0,"3":0,"4":0},"b":{"0":[0,0]}}
,"C:\\Users\\Сергей\\Desktop\\ITVDN Vue\\Vue\\test\\src\\views\\Home.vue": {"path":"C:\\Users\\Сергей\\Desktop\\ITVDN Vue\\Vue\\test\\src\\views\\Home.vue","statementMap":{"0":{"start":{"line":44,"column":0},"end":{"line":44,"column":null}},"1":{"start":{"line":46,"column":0},"end":{"line":46,"column":null}},"2":{"start":{"line":47,"column":0},"end":{"line":47,"column":null}},"3":{"start":{"line":48,"column":0},"end":{"line":48,"column":null}},"4":{"start":{"line":59,"column":0},"end":{"line":59,"column":null}},"5":{"start":{"line":60,"column":0},"end":{"line":60,"column":null}},"6":{"start":{"line":61,"column":0},"end":{"line":61,"column":null}},"7":{"start":{"line":62,"column":0},"end":{"line":62,"column":null}},"8":{"start":{"line":81,"column":0},"end":{"line":81,"column":null}},"9":{"start":{"line":65,"column":0},"end":{"line":65,"column":null}},"10":{"start":{"line":69,"column":0},"end":{"line":69,"column":null}},"11":{"start":{"line":70,"column":0},"end":{"line":70,"column":null}},"12":{"start":{"line":74,"column":0},"end":{"line":79,"column":null}},"13":{"start":{"line":75,"column":0},"end":{"line":75,"column":null}},"14":{"start":{"line":77,"column":0},"end":{"line":77,"column":null}},"15":{"start":{"line":78,"column":0},"end":{"line":78,"column":null}},"16":{"start":{"line":59,"column":0},"end":{"line":54,"column":null}}},"fnMap":{"0":{"name":"(anonymous_1)","decl":{"start":{"line":59,"column":0},"end":{"line":59,"column":null}},"loc":{"start":{"line":59,"column":0},"end":{"line":82,"column":null}}},"1":{"name":"(anonymous_2)","decl":{"start":{"line":64,"column":0},"end":{"line":64,"column":null}},"loc":{"start":{"line":64,"column":0},"end":{"line":66,"column":null}}},"2":{"name":"(anonymous_3)","decl":{"start":{"line":68,"column":0},"end":{"line":68,"column":null}},"loc":{"start":{"line":68,"column":0},"end":{"line":71,"column":null}}},"3":{"name":"(anonymous_4)","decl":{"start":{"line":73,"column":0},"end":{"line":73,"column":null}},"loc":{"start":{"line":73,"column":0},"end":{"line":80,"column":null}}}},"branchMap":{"0":{"loc":{"start":{"line":74,"column":0},"end":{"line":79,"column":null}},"type":"if","locations":[{"start":{"line":74,"column":0},"end":{"line":79,"column":null}},{"start":{"line":74,"column":0},"end":{"line":79,"column":null}}]}},"s":{"0":1,"1":1,"2":1,"3":1,"4":1,"5":5,"6":5,"7":5,"8":5,"9":1,"10":5,"11":5,"12":2,"13":1,"14":1,"15":1,"16":1},"f":{"0":5,"1":1,"2":5,"3":2},"b":{"0":[1,1]}}
,"C:\\Users\\Сергей\\Desktop\\ITVDN Vue\\Vue\\test\\src\\views\\LoginPage.vue": {"path":"C:\\Users\\Сергей\\Desktop\\ITVDN Vue\\Vue\\test\\src\\views\\LoginPage.vue","statementMap":{"0":{"start":{"line":43,"column":0},"end":{"line":43,"column":null}},"1":{"start":{"line":44,"column":0},"end":{"line":44,"column":null}},"2":{"start":{"line":48,"column":0},"end":{"line":48,"column":null}},"3":{"start":{"line":51,"column":0},"end":{"line":63,"column":null}},"4":{"start":{"line":56,"column":0},"end":{"line":56,"column":null}},"5":{"start":{"line":58,"column":0},"end":{"line":62,"column":null}},"6":{"start":{"line":59,"column":0},"end":{"line":59,"column":null}},"7":{"start":{"line":61,"column":0},"end":{"line":61,"column":null}},"8":{"start":{"line":65,"column":0},"end":{"line":65,"column":null}},"9":{"start":{"line":72,"column":0},"end":{"line":72,"column":null}},"10":{"start":{"line":87,"column":0},"end":{"line":87,"column":null}},"11":{"start":{"line":91,"column":0},"end":{"line":108,"column":null}},"12":{"start":{"line":92,"column":0},"end":{"line":107,"column":null}},"13":{"start":{"line":93,"column":0},"end":{"line":103,"column":null}},"14":{"start":{"line":94,"column":0},"end":{"line":94,"column":null}},"15":{"start":{"line":98,"column":0},"end":{"line":98,"column":null}},"16":{"start":{"line":99,"column":0},"end":{"line":99,"column":null}},"17":{"start":{"line":100,"column":0},"end":{"line":100,"column":null}},"18":{"start":{"line":102,"column":0},"end":{"line":102,"column":null}},"19":{"start":{"line":105,"column":0},"end":{"line":105,"column":null}},"20":{"start":{"line":106,"column":0},"end":{"line":106,"column":null}},"21":{"start":{"line":112,"column":0},"end":{"line":112,"column":null}},"22":{"start":{"line":113,"column":0},"end":{"line":113,"column":null}},"23":{"start":{"line":49,"column":0},"end":{"line":49,"column":null}}},"fnMap":{"0":{"name":"(anonymous_1)","decl":{"start":{"line":48,"column":0},"end":{"line":48,"column":null}},"loc":{"start":{"line":48,"column":0},"end":{"line":115,"column":null}}},"1":{"name":"(anonymous_2)","decl":{"start":{"line":51,"column":0},"end":{"line":51,"column":null}},"loc":{"start":{"line":51,"column":0},"end":{"line":63,"column":null}}},"2":{"name":"(anonymous_3)","decl":{"start":{"line":70,"column":0},"end":{"line":70,"column":null}},"loc":{"start":{"line":70,"column":0},"end":{"line":88,"column":null}}},"3":{"name":"(anonymous_4)","decl":{"start":{"line":90,"column":0},"end":{"line":90,"column":null}},"loc":{"start":{"line":90,"column":0},"end":{"line":109,"column":null}}},"4":{"name":"(anonymous_5)","decl":{"start":{"line":91,"column":0},"end":{"line":91,"column":null}},"loc":{"start":{"line":91,"column":0},"end":{"line":108,"column":null}}},"5":{"name":"(anonymous_6)","decl":{"start":{"line":111,"column":0},"end":{"line":111,"column":null}},"loc":{"start":{"line":111,"column":0},"end":{"line":114,"column":null}}}},"branchMap":{"0":{"loc":{"start":{"line":58,"column":0},"end":{"line":62,"column":null}},"type":"if","locations":[{"start":{"line":58,"column":0},"end":{"line":62,"column":null}},{"start":{"line":58,"column":0},"end":{"line":62,"column":null}}]},"1":{"loc":{"start":{"line":92,"column":0},"end":{"line":107,"column":null}},"type":"if","locations":[{"start":{"line":92,"column":0},"end":{"line":107,"column":null}},{"start":{"line":92,"column":0},"end":{"line":107,"column":null}}]}},"s":{"0":0,"1":0,"2":0,"3":0,"4":0,"5":0,"6":0,"7":0,"8":0,"9":0,"10":0,"11":0,"12":0,"13":0,"14":0,"15":0,"16":0,"17":0,"18":0,"19":0,"20":0,"21":0,"22":0,"23":0},"f":{"0":0,"1":0,"2":0,"3":0,"4":0,"5":0},"b":{"0":[0,0],"1":[0,0]}}
}
