TN:
SF:C:\Users\Сергей\Desktop\ITVDN Vue\Vue\test\src\App.vue
FNF:0
FNH:0
DA:8,0
LF:1
LH:0
BRF:0
BRH:0
end_of_record
TN:
SF:C:\Users\Сергей\Desktop\ITVDN Vue\Vue\test\src\i18n.ts
FN:10,loadLocaleMessages
FN:17,(anonymous_1)
FNF:2
FNH:0
FNDA:0,loadLocaleMessages
FNDA:0,(anonymous_1)
DA:1,0
DA:2,0
DA:8,0
DA:11,0
DA:16,0
DA:17,0
DA:18,0
DA:19,0
DA:20,0
DA:21,0
DA:24,0
DA:27,0
DA:45,0
DA:54,0
LF:14
LH:0
BRDA:19,0,0,0
BRDA:19,0,1,0
BRDA:19,1,0,0
BRDA:19,1,1,0
BRDA:55,2,0,0
BRDA:55,2,1,0
BRDA:56,3,0,0
BRDA:56,3,1,0
BRF:8
BRH:0
end_of_record
TN:
SF:C:\Users\Сергей\Desktop\ITVDN Vue\Vue\test\src\main.ts
FN:15,(anonymous_0)
FNF:1
FNH:0
FNDA:0,(anonymous_0)
DA:1,0
DA:2,0
DA:3,0
DA:4,0
DA:5,0
DA:6,0
DA:7,0
DA:9,0
DA:11,0
DA:15,0
LF:10
LH:0
BRF:0
BRH:0
end_of_record
TN:
SF:C:\Users\Сергей\Desktop\ITVDN Vue\Vue\test\src\api\PostsService.ts
FN:14,(anonymous_0)
FN:18,(anonymous_1)
FN:20,(anonymous_2)
FNF:3
FNH:0
FNDA:0,(anonymous_0)
FNDA:0,(anonymous_1)
FNDA:0,(anonymous_2)
DA:1,1
DA:15,0
DA:16,0
DA:19,0
DA:20,0
DA:21,0
LF:6
LH:1
BRDA:21,0,0,0
BRDA:21,0,1,0
BRF:2
BRH:0
end_of_record
TN:
SF:C:\Users\Сергей\Desktop\ITVDN Vue\Vue\test\src\api\UserService.ts
FN:9,(anonymous_0)
FNF:1
FNH:0
FNDA:0,(anonymous_0)
DA:1,0
DA:13,0
LF:2
LH:0
BRF:0
BRH:0
end_of_record
TN:
SF:C:\Users\Сергей\Desktop\ITVDN Vue\Vue\test\src\components\Article.vue
FN:74,(anonymous_1)
FN:78,(anonymous_2)
FNF:2
FNH:0
FNDA:0,(anonymous_1)
FNDA:0,(anonymous_2)
DA:60,1
DA:63,2
DA:67,1
DA:72,1
DA:75,0
DA:79,0
LF:6
LH:4
BRDA:75,0,0,0
BRDA:75,0,1,0
BRF:2
BRH:0
end_of_record
TN:
SF:C:\Users\Сергей\Desktop\ITVDN Vue\Vue\test\src\components\layout\FooterComponent.vue
FNF:0
FNH:0
DA:19,0
LF:1
LH:0
BRF:0
BRH:0
end_of_record
TN:
SF:C:\Users\Сергей\Desktop\ITVDN Vue\Vue\test\src\components\layout\HeaderComponent.vue
FN:57,(anonymous_1)
FN:63,(anonymous_2)
FN:67,(anonymous_3)
FN:71,(anonymous_4)
FN:75,(anonymous_5)
FN:80,(anonymous_6)
FN:85,(anonymous_7)
FNF:7
FNH:0
FNDA:0,(anonymous_1)
FNDA:0,(anonymous_2)
FNDA:0,(anonymous_3)
FNDA:0,(anonymous_4)
FNDA:0,(anonymous_5)
FNDA:0,(anonymous_6)
FNDA:0,(anonymous_7)
DA:54,0
DA:57,0
DA:58,0
DA:59,0
DA:61,0
DA:64,0
DA:68,0
DA:72,0
DA:76,0
DA:77,0
DA:81,0
DA:85,0
DA:86,0
LF:13
LH:0
BRF:0
BRH:0
end_of_record
TN:
SF:C:\Users\Сергей\Desktop\ITVDN Vue\Vue\test\src\components\layout\Layout.vue
FNF:0
FNH:0
DA:12,0
DA:13,0
DA:14,0
DA:22,0
LF:4
LH:0
BRF:0
BRH:0
end_of_record
TN:
SF:C:\Users\Сергей\Desktop\ITVDN Vue\Vue\test\src\plugins\element.js
FNF:0
FNH:0
DA:6,0
LF:1
LH:0
BRF:0
BRH:0
end_of_record
TN:
SF:C:\Users\Сергей\Desktop\ITVDN Vue\Vue\test\src\router\index.ts
FN:43,(anonymous_0)
FN:49,(anonymous_2)
FN:55,(anonymous_4)
FN:60,(anonymous_6)
FN:65,(anonymous_8)
FN:74,(anonymous_10)
FN:85,(anonymous_11)
FN:95,(anonymous_12)
FNF:8
FNH:0
FNDA:0,(anonymous_0)
FNDA:0,(anonymous_2)
FNDA:0,(anonymous_4)
FNDA:0,(anonymous_6)
FNDA:0,(anonymous_8)
FNDA:0,(anonymous_10)
FNDA:0,(anonymous_11)
FNDA:0,(anonymous_12)
DA:1,0
DA:2,0
DA:4,0
DA:6,0
DA:43,0
DA:49,0
DA:55,0
DA:60,0
DA:65,0
DA:69,0
DA:74,0
DA:81,0
DA:85,0
DA:86,0
DA:87,0
DA:89,0
DA:92,0
DA:95,0
DA:96,0
DA:97,0
DA:99,0
DA:102,0
DA:106,0
LF:23
LH:0
BRDA:82,0,0,0
BRDA:82,0,1,0
BRDA:85,1,0,0
BRDA:85,1,1,0
BRDA:86,2,0,0
BRDA:86,2,1,0
BRDA:86,3,0,0
BRDA:86,3,1,0
BRDA:95,4,0,0
BRDA:95,4,1,0
BRDA:96,5,0,0
BRDA:96,5,1,0
BRDA:96,6,0,0
BRDA:96,6,1,0
BRF:14
BRH:0
end_of_record
TN:
SF:C:\Users\Сергей\Desktop\ITVDN Vue\Vue\test\src\store\index.ts
FNF:0
FNH:0
DA:1,0
DA:2,0
DA:3,0
DA:5,0
DA:7,0
LF:5
LH:0
BRF:0
BRH:0
end_of_record
TN:
SF:C:\Users\Сергей\Desktop\ITVDN Vue\Vue\test\src\store\modules\articles.ts
FN:32,(anonymous_0)
FN:35,(anonymous_1)
FN:38,(anonymous_2)
FN:44,(anonymous_3)
FN:45,(anonymous_4)
FN:53,(anonymous_5)
FN:63,(anonymous_6)
FNF:7
FNH:0
FNDA:0,(anonymous_0)
FNDA:0,(anonymous_1)
FNDA:0,(anonymous_2)
FNDA:0,(anonymous_3)
FNDA:0,(anonymous_4)
FNDA:0,(anonymous_5)
FNDA:0,(anonymous_6)
DA:1,1
DA:10,1
DA:16,1
DA:22,1
DA:27,1
DA:31,1
DA:33,0
DA:36,0
DA:39,0
DA:43,1
DA:45,0
DA:46,0
DA:48,0
DA:52,1
DA:54,0
DA:55,0
DA:56,0
DA:58,0
DA:59,0
DA:64,0
DA:65,0
DA:66,0
DA:68,0
DA:69,0
DA:74,1
LF:25
LH:9
BRDA:48,0,0,0
BRDA:48,0,1,0
BRF:2
BRH:0
end_of_record
TN:
SF:C:\Users\Сергей\Desktop\ITVDN Vue\Vue\test\src\utils\index.ts
FN:1,(anonymous_0)
FN:3,(anonymous_1)
FN:5,(anonymous_2)
FNF:3
FNH:1
FNDA:5,(anonymous_0)
FNDA:0,(anonymous_1)
FNDA:0,(anonymous_2)
DA:1,1
DA:3,5
DA:4,0
DA:5,0
LF:4
LH:2
BRF:0
BRH:0
end_of_record
TN:
SF:C:\Users\Сергей\Desktop\ITVDN Vue\Vue\test\src\views\ArticlePage.vue
FN:41,(anonymous_1)
FN:45,(anonymous_2)
FN:49,(anonymous_3)
FN:53,(anonymous_4)
FN:58,(anonymous_5)
FNF:5
FNH:0
FNDA:0,(anonymous_1)
FNDA:0,(anonymous_2)
FNDA:0,(anonymous_3)
FNDA:0,(anonymous_4)
FNDA:0,(anonymous_5)
DA:34,0
DA:35,0
DA:40,0
DA:42,0
DA:46,0
DA:50,0
DA:54,0
DA:58,0
DA:59,0
DA:60,0
LF:10
LH:0
BRDA:59,0,0,0
BRDA:59,0,1,0
BRF:2
BRH:0
end_of_record
TN:
SF:C:\Users\Сергей\Desktop\ITVDN Vue\Vue\test\src\views\Home.vue
FN:59,(anonymous_1)
FN:64,(anonymous_2)
FN:68,(anonymous_3)
FN:73,(anonymous_4)
FNF:4
FNH:4
FNDA:5,(anonymous_1)
FNDA:1,(anonymous_2)
FNDA:5,(anonymous_3)
FNDA:2,(anonymous_4)
DA:44,1
DA:46,1
DA:47,1
DA:48,1
DA:59,1
DA:60,5
DA:61,5
DA:62,5
DA:65,1
DA:69,5
DA:70,5
DA:74,2
DA:75,1
DA:77,1
DA:78,1
DA:81,5
LF:16
LH:16
BRDA:74,0,0,1
BRDA:74,0,1,1
BRF:2
BRH:2
end_of_record
TN:
SF:C:\Users\Сергей\Desktop\ITVDN Vue\Vue\test\src\views\LoginPage.vue
FN:48,(anonymous_1)
FN:51,(anonymous_2)
FN:70,(anonymous_3)
FN:90,(anonymous_4)
FN:91,(anonymous_5)
FN:111,(anonymous_6)
FNF:6
FNH:0
FNDA:0,(anonymous_1)
FNDA:0,(anonymous_2)
FNDA:0,(anonymous_3)
FNDA:0,(anonymous_4)
FNDA:0,(anonymous_5)
FNDA:0,(anonymous_6)
DA:43,0
DA:44,0
DA:48,0
DA:49,0
DA:51,0
DA:56,0
DA:58,0
DA:59,0
DA:61,0
DA:65,0
DA:72,0
DA:87,0
DA:91,0
DA:92,0
DA:93,0
DA:94,0
DA:98,0
DA:99,0
DA:100,0
DA:102,0
DA:105,0
DA:106,0
DA:112,0
DA:113,0
LF:24
LH:0
BRDA:58,0,0,0
BRDA:58,0,1,0
BRDA:92,1,0,0
BRDA:92,1,1,0
BRF:4
BRH:0
end_of_record
